[0m14:47:00.133780 [debug] [MainThread]: Sending event: {'category': 'dbt', 'action': 'invocation', 'label': 'start', 'context': [<snowplow_tracker.self_describing_json.SelfDescribingJson object at 0x000001F5B42EBE30>, <snowplow_tracker.self_describing_json.SelfDescribingJson object at 0x000001F5B38DBB60>, <snowplow_tracker.self_describing_json.SelfDescribingJson object at 0x000001F5B06DE930>]}


============================== 14:47:00.138364 | 8be7878c-fa98-40cc-b917-fbdd58fe2a79 ==============================
[0m14:47:00.138364 [info ] [MainThread]: Running with dbt=1.8.9
[0m14:47:00.139400 [debug] [MainThread]: running dbt with arguments {'printer_width': '80', 'indirect_selection': 'eager', 'write_json': 'True', 'log_cache_events': 'False', 'partial_parse': 'True', 'cache_selected_only': 'False', 'warn_error': 'None', 'fail_fast': 'False', 'debug': 'False', 'log_path': 'logs', 'version_check': 'True', 'profiles_dir': 'C:\\Users\\sergi\\.dbt', 'use_colors': 'True', 'use_experimental_parser': 'False', 'empty': 'None', 'quiet': 'False', 'no_print': 'None', 'log_format': 'default', 'invocation_command': 'dbt init dbt_proj_1', 'static_parser': 'True', 'introspect': 'True', 'target_path': 'None', 'warn_error_options': 'WarnErrorOptions(include=[], exclude=[])', 'send_anonymous_usage_stats': 'True'}
[0m14:47:00.156733 [warn ] [MainThread]: [ConfigFolderDirectory]: Unable to parse logging event dictionary. Failed to parse dir field: expected string or bytes-like object, got 'WindowsPath'.. Dictionary: {'dir': WindowsPath('C:/Users/sergi/.dbt')}
[0m14:47:00.156733 [info ] [MainThread]: Creating dbt configuration folder at 
[0m14:47:00.158558 [debug] [MainThread]: Starter project path: C:\Users\sergi\PycharmProjects\dbt_proj\.venv\Lib\site-packages\dbt\include\starter_project
[0m14:47:00.171318 [info ] [MainThread]: 
Your new dbt project "dbt_proj_1" was created!

For more information on how to configure the profiles.yml file,
please consult the dbt documentation here:

  https://docs.getdbt.com/docs/configure-your-profile

One more thing:

Need help? Don't hesitate to reach out to us via GitHub issues or on Slack:

  https://community.getdbt.com/

Happy modeling!

[0m14:47:00.171318 [info ] [MainThread]: Setting up your profile.
[0m14:55:08.114955 [info ] [MainThread]: Profile dbt_proj_1 written to C:\Users\sergi\.dbt\profiles.yml using target's profile_template.yml and your supplied values. Run 'dbt debug' to validate the connection.
[0m14:55:08.117093 [debug] [MainThread]: Command `dbt init` succeeded at 14:55:08.117093 after 488.13 seconds
[0m14:55:08.117093 [debug] [MainThread]: Sending event: {'category': 'dbt', 'action': 'invocation', 'label': 'end', 'context': [<snowplow_tracker.self_describing_json.SelfDescribingJson object at 0x000001F5B38DBB60>, <snowplow_tracker.self_describing_json.SelfDescribingJson object at 0x000001F5B5CC3380>, <snowplow_tracker.self_describing_json.SelfDescribingJson object at 0x000001F5B67E6810>]}
[0m14:55:08.119008 [debug] [MainThread]: Flushing usage events
[0m14:57:06.252390 [debug] [MainThread]: Sending event: {'category': 'dbt', 'action': 'invocation', 'label': 'start', 'context': [<snowplow_tracker.self_describing_json.SelfDescribingJson object at 0x0000019C04294C80>, <snowplow_tracker.self_describing_json.SelfDescribingJson object at 0x0000019C041A80B0>, <snowplow_tracker.self_describing_json.SelfDescribingJson object at 0x0000019C0534FBF0>]}


============================== 14:57:06.253500 | 5dd1dde7-7e7c-48e2-bcfc-4f601d8186d6 ==============================
[0m14:57:06.253500 [info ] [MainThread]: Running with dbt=1.8.9
[0m14:57:06.258937 [debug] [MainThread]: running dbt with arguments {'printer_width': '80', 'indirect_selection': 'eager', 'write_json': 'True', 'log_cache_events': 'False', 'partial_parse': 'True', 'cache_selected_only': 'False', 'profiles_dir': 'C:\\Users\\sergi\\.dbt', 'debug': 'False', 'version_check': 'True', 'log_path': 'logs', 'warn_error': 'None', 'fail_fast': 'False', 'use_colors': 'True', 'use_experimental_parser': 'False', 'no_print': 'None', 'quiet': 'False', 'empty': 'None', 'log_format': 'default', 'static_parser': 'True', 'introspect': 'True', 'warn_error_options': 'WarnErrorOptions(include=[], exclude=[])', 'target_path': 'None', 'invocation_command': 'dbt debug', 'send_anonymous_usage_stats': 'True'}
[0m14:57:06.279318 [info ] [MainThread]: dbt version: 1.8.9
[0m14:57:06.279318 [info ] [MainThread]: python version: 3.12.7
[0m14:57:06.279318 [info ] [MainThread]: python path: C:\Users\sergi\PycharmProjects\dbt_proj\.venv\Scripts\python.exe
[0m14:57:06.279318 [info ] [MainThread]: os info: Windows-11-10.0.26100-SP0
[0m14:57:06.762682 [info ] [MainThread]: Using profiles dir at C:\Users\sergi\.dbt
[0m14:57:06.762682 [info ] [MainThread]: Using profiles.yml file at C:\Users\sergi\.dbt\profiles.yml
[0m14:57:06.762682 [info ] [MainThread]: Using dbt_project.yml file at C:\Users\sergi\PycharmProjects\dbt_proj\dbt_project.yml
[0m14:57:06.762682 [info ] [MainThread]: adapter type: snowflake
[0m14:57:06.762682 [info ] [MainThread]: adapter version: 1.8.4
[0m14:57:06.762682 [info ] [MainThread]: Configuration:
[0m14:57:06.762682 [info ] [MainThread]:   profiles.yml file [[32mOK found and valid[0m]
[0m14:57:06.762682 [info ] [MainThread]:   dbt_project.yml file [[31mERROR not found[0m]
[0m14:57:06.762682 [info ] [MainThread]: Required dependencies:
[0m14:57:06.762682 [debug] [MainThread]: Executing "git --help"
[0m14:57:06.808664 [debug] [MainThread]: STDOUT: "b"usage: git [-v | --version] [-h | --help] [-C <path>] [-c <name>=<value>]\n           [--exec-path[=<path>]] [--html-path] [--man-path] [--info-path]\n           [-p | --paginate | -P | --no-pager] [--no-replace-objects] [--no-lazy-fetch]\n           [--no-optional-locks] [--no-advice] [--bare] [--git-dir=<path>]\n           [--work-tree=<path>] [--namespace=<name>] [--config-env=<name>=<envvar>]\n           <command> [<args>]\n\nThese are common Git commands used in various situations:\n\nstart a working area (see also: git help tutorial)\n   clone      Clone a repository into a new directory\n   init       Create an empty Git repository or reinitialize an existing one\n\nwork on the current change (see also: git help everyday)\n   add        Add file contents to the index\n   mv         Move or rename a file, a directory, or a symlink\n   restore    Restore working tree files\n   rm         Remove files from the working tree and from the index\n\nexamine the history and state (see also: git help revisions)\n   bisect     Use binary search to find the commit that introduced a bug\n   diff       Show changes between commits, commit and working tree, etc\n   grep       Print lines matching a pattern\n   log        Show commit logs\n   show       Show various types of objects\n   status     Show the working tree status\n\ngrow, mark and tweak your common history\n   backfill   Download missing objects in a partial clone\n   branch     List, create, or delete branches\n   commit     Record changes to the repository\n   merge      Join two or more development histories together\n   rebase     Reapply commits on top of another base tip\n   reset      Reset current HEAD to the specified state\n   switch     Switch branches\n   tag        Create, list, delete or verify a tag object signed with GPG\n\ncollaborate (see also: git help workflows)\n   fetch      Download objects and refs from another repository\n   pull       Fetch from and integrate with another repository or a local branch\n   push       Update remote refs along with associated objects\n\n'git help -a' and 'git help -g' list available subcommands and some\nconcept guides. See 'git help <command>' or 'git help <concept>'\nto read about a specific subcommand or concept.\nSee 'git help git' for an overview of the system.\n""
[0m14:57:06.808664 [debug] [MainThread]: STDERR: "b''"
[0m14:57:06.808664 [info ] [MainThread]:  - git [[32mOK found[0m]

[0m14:57:06.812406 [info ] [MainThread]: Connection:
[0m14:57:06.812406 [info ] [MainThread]:   account: ERMPSJB-AE99620
[0m14:57:06.813424 [info ] [MainThread]:   user: NEBOLSIN
[0m14:57:06.813424 [info ] [MainThread]:   database: SNEBOLSIN_DB
[0m14:57:06.813424 [info ] [MainThread]:   warehouse: SNEBOLSIN_WH
[0m14:57:06.813424 [info ] [MainThread]:   role: SYSADMIN
[0m14:57:06.813424 [info ] [MainThread]:   schema: DBT_PROJ_1
[0m14:57:06.813424 [info ] [MainThread]:   authenticator: None
[0m14:57:06.813424 [info ] [MainThread]:   oauth_client_id: None
[0m14:57:06.813424 [info ] [MainThread]:   query_tag: None
[0m14:57:06.813424 [info ] [MainThread]:   client_session_keep_alive: False
[0m14:57:06.813424 [info ] [MainThread]:   host: None
[0m14:57:06.819380 [info ] [MainThread]:   port: None
[0m14:57:06.819380 [info ] [MainThread]:   proxy_host: None
[0m14:57:06.819380 [info ] [MainThread]:   proxy_port: None
[0m14:57:06.819380 [info ] [MainThread]:   protocol: None
[0m14:57:06.819380 [info ] [MainThread]:   connect_retries: 1
[0m14:57:06.819380 [info ] [MainThread]:   connect_timeout: None
[0m14:57:06.822527 [info ] [MainThread]:   retry_on_database_errors: False
[0m14:57:06.822527 [info ] [MainThread]:   retry_all: False
[0m14:57:06.822527 [info ] [MainThread]:   insecure_mode: False
[0m14:57:06.824615 [info ] [MainThread]:   reuse_connections: None
[0m14:57:06.824615 [info ] [MainThread]: Registered adapter: snowflake=1.8.4
[0m14:57:07.152797 [debug] [MainThread]: Acquiring new snowflake connection 'debug'
[0m14:57:07.152797 [debug] [MainThread]: Using snowflake connection "debug"
[0m14:57:07.152797 [debug] [MainThread]: On debug: select 1 as id
[0m14:57:07.152797 [debug] [MainThread]: Opening a new connection, currently in state init
[0m14:57:08.771252 [debug] [MainThread]: Snowflake adapter: Error running SQL: select 1 as id
[0m14:57:08.771252 [debug] [MainThread]: Snowflake adapter: Rolling back transaction.
[0m14:57:08.771252 [debug] [MainThread]: On debug: No close available on handle
[0m14:57:08.771252 [info ] [MainThread]:   Connection test: [[31mERROR[0m]

[0m14:57:08.786622 [info ] [MainThread]: [31m2 checks failed:[0m
[0m14:57:08.786622 [info ] [MainThread]: Project loading failed for the following reason:
 project path <C:\Users\sergi\PycharmProjects\dbt_proj\dbt_project.yml> not found

[0m14:57:08.786622 [info ] [MainThread]: dbt was unable to connect to the specified database.
The database returned the following error:

  >Database Error
  250001 (08001): Failed to connect to DB: ERMPSJB-AE99620.snowflakecomputing.com:443. Failed to authenticate: MFA with TOTP is required. To authenticate, provide both your password and a current TOTP passcode.

Check your database credentials and try again. For more information, visit:
https://docs.getdbt.com/docs/configure-your-profile


[0m14:57:08.786622 [debug] [MainThread]: Command `dbt debug` failed at 14:57:08.786622 after 2.67 seconds
[0m14:57:08.786622 [debug] [MainThread]: Connection 'debug' was properly closed.
[0m14:57:08.786622 [debug] [MainThread]: Sending event: {'category': 'dbt', 'action': 'invocation', 'label': 'end', 'context': [<snowplow_tracker.self_describing_json.SelfDescribingJson object at 0x0000019C053949B0>, <snowplow_tracker.self_describing_json.SelfDescribingJson object at 0x0000019C04869130>, <snowplow_tracker.self_describing_json.SelfDescribingJson object at 0x0000019C04869820>]}
[0m14:57:08.786622 [debug] [MainThread]: Flushing usage events
[0m21:59:11.387699 [debug] [MainThread]: Sending event: {'category': 'dbt', 'action': 'invocation', 'label': 'start', 'context': [<snowplow_tracker.self_describing_json.SelfDescribingJson object at 0x00000235331E53A0>, <snowplow_tracker.self_describing_json.SelfDescribingJson object at 0x00000235358EE1E0>, <snowplow_tracker.self_describing_json.SelfDescribingJson object at 0x0000023537085520>]}


============================== 21:59:11.394398 | a0edc4e3-e75b-47ce-9abb-1b05c34f5fe1 ==============================
[0m21:59:11.394398 [info ] [MainThread]: Running with dbt=1.8.9
[0m21:59:11.396404 [debug] [MainThread]: running dbt with arguments {'printer_width': '80', 'indirect_selection': 'eager', 'log_cache_events': 'False', 'write_json': 'True', 'partial_parse': 'True', 'cache_selected_only': 'False', 'warn_error': 'None', 'version_check': 'True', 'profiles_dir': 'C:\\Users\\sergi\\.dbt', 'log_path': 'logs', 'debug': 'False', 'fail_fast': 'False', 'use_colors': 'True', 'use_experimental_parser': 'False', 'empty': 'None', 'quiet': 'False', 'no_print': 'None', 'log_format': 'default', 'introspect': 'True', 'static_parser': 'True', 'warn_error_options': 'WarnErrorOptions(include=[], exclude=[])', 'target_path': 'None', 'invocation_command': 'dbt debug', 'send_anonymous_usage_stats': 'True'}
[0m21:59:11.426079 [info ] [MainThread]: dbt version: 1.8.9
[0m21:59:11.426079 [info ] [MainThread]: python version: 3.12.7
[0m21:59:11.426079 [info ] [MainThread]: python path: C:\Users\sergi\PycharmProjects\dbt_proj\.venv\Scripts\python.exe
[0m21:59:11.426079 [info ] [MainThread]: os info: Windows-11-10.0.26100-SP0
[0m21:59:11.429229 [info ] [MainThread]: target not specified in profile 'dbt_proj_1', using 'default'
[0m21:59:11.429229 [info ] [MainThread]: Using profiles dir at C:\Users\sergi\.dbt
[0m21:59:11.429229 [info ] [MainThread]: Using profiles.yml file at C:\Users\sergi\.dbt\profiles.yml
[0m21:59:11.429229 [info ] [MainThread]: Using dbt_project.yml file at C:\Users\sergi\PycharmProjects\dbt_proj\dbt_project.yml
[0m21:59:11.432300 [info ] [MainThread]: Configuration:
[0m21:59:11.432300 [info ] [MainThread]:   profiles.yml file [[31mERROR invalid[0m]
[0m21:59:11.432300 [info ] [MainThread]:   dbt_project.yml file [[31mERROR not found[0m]
[0m21:59:11.433847 [info ] [MainThread]: Required dependencies:
[0m21:59:11.434860 [debug] [MainThread]: Executing "git --help"
[0m21:59:11.493457 [debug] [MainThread]: STDOUT: "b"usage: git [-v | --version] [-h | --help] [-C <path>] [-c <name>=<value>]\n           [--exec-path[=<path>]] [--html-path] [--man-path] [--info-path]\n           [-p | --paginate | -P | --no-pager] [--no-replace-objects] [--no-lazy-fetch]\n           [--no-optional-locks] [--no-advice] [--bare] [--git-dir=<path>]\n           [--work-tree=<path>] [--namespace=<name>] [--config-env=<name>=<envvar>]\n           <command> [<args>]\n\nThese are common Git commands used in various situations:\n\nstart a working area (see also: git help tutorial)\n   clone      Clone a repository into a new directory\n   init       Create an empty Git repository or reinitialize an existing one\n\nwork on the current change (see also: git help everyday)\n   add        Add file contents to the index\n   mv         Move or rename a file, a directory, or a symlink\n   restore    Restore working tree files\n   rm         Remove files from the working tree and from the index\n\nexamine the history and state (see also: git help revisions)\n   bisect     Use binary search to find the commit that introduced a bug\n   diff       Show changes between commits, commit and working tree, etc\n   grep       Print lines matching a pattern\n   log        Show commit logs\n   show       Show various types of objects\n   status     Show the working tree status\n\ngrow, mark and tweak your common history\n   backfill   Download missing objects in a partial clone\n   branch     List, create, or delete branches\n   commit     Record changes to the repository\n   merge      Join two or more development histories together\n   rebase     Reapply commits on top of another base tip\n   reset      Reset current HEAD to the specified state\n   switch     Switch branches\n   tag        Create, list, delete or verify a tag object signed with GPG\n\ncollaborate (see also: git help workflows)\n   fetch      Download objects and refs from another repository\n   pull       Fetch from and integrate with another repository or a local branch\n   push       Update remote refs along with associated objects\n\n'git help -a' and 'git help -g' list available subcommands and some\nconcept guides. See 'git help <command>' or 'git help <concept>'\nto read about a specific subcommand or concept.\nSee 'git help git' for an overview of the system.\n""
[0m21:59:11.493457 [debug] [MainThread]: STDERR: "b''"
[0m21:59:11.493457 [info ] [MainThread]:  - git [[32mOK found[0m]

[0m21:59:11.493457 [info ] [MainThread]: Connection test skipped since no profile was found
[0m21:59:11.495977 [info ] [MainThread]: [31m2 checks failed:[0m
[0m21:59:11.495977 [info ] [MainThread]: Could not load dbt_project.yml
Profile loading failed for the following reason:
Runtime Error
  The profile 'dbt_proj_1' does not have a target named 'default'. The valid target names for this profile are:
   - dev


[0m21:59:11.495977 [info ] [MainThread]: Project loading failed for the following reason:
 project path <C:\Users\sergi\PycharmProjects\dbt_proj\dbt_project.yml> not found

[0m21:59:11.498471 [debug] [MainThread]: Command `dbt debug` failed at 21:59:11.498471 after 0.24 seconds
[0m21:59:11.498471 [debug] [MainThread]: Sending event: {'category': 'dbt', 'action': 'invocation', 'label': 'end', 'context': [<snowplow_tracker.self_describing_json.SelfDescribingJson object at 0x000002353963FC80>, <snowplow_tracker.self_describing_json.SelfDescribingJson object at 0x0000023539247B00>, <snowplow_tracker.self_describing_json.SelfDescribingJson object at 0x00000235392477A0>]}
[0m21:59:11.498471 [debug] [MainThread]: Flushing usage events
[0m11:13:43.989110 [debug] [MainThread]: Sending event: {'category': 'dbt', 'action': 'invocation', 'label': 'start', 'context': [<snowplow_tracker.self_describing_json.SelfDescribingJson object at 0x00000171B61871A0>, <snowplow_tracker.self_describing_json.SelfDescribingJson object at 0x00000171B69532C0>, <snowplow_tracker.self_describing_json.SelfDescribingJson object at 0x00000171B8676450>]}


============================== 11:13:43.994835 | b6bef4b2-a07d-4e51-ae64-a5b21dbe2ca9 ==============================
[0m11:13:43.994835 [info ] [MainThread]: Running with dbt=1.8.9
[0m11:13:43.994835 [debug] [MainThread]: running dbt with arguments {'printer_width': '80', 'indirect_selection': 'eager', 'log_cache_events': 'False', 'write_json': 'True', 'partial_parse': 'True', 'cache_selected_only': 'False', 'profiles_dir': 'C:\\Users\\sergi\\.dbt', 'debug': 'False', 'version_check': 'True', 'log_path': 'logs', 'fail_fast': 'False', 'warn_error': 'None', 'use_colors': 'True', 'use_experimental_parser': 'False', 'no_print': 'None', 'quiet': 'False', 'empty': 'None', 'warn_error_options': 'WarnErrorOptions(include=[], exclude=[])', 'static_parser': 'True', 'introspect': 'True', 'invocation_command': 'dbt debug', 'target_path': 'None', 'log_format': 'default', 'send_anonymous_usage_stats': 'True'}
[0m11:13:44.021766 [info ] [MainThread]: dbt version: 1.8.9
[0m11:13:44.021766 [info ] [MainThread]: python version: 3.12.7
[0m11:13:44.021766 [info ] [MainThread]: python path: C:\Users\sergi\PycharmProjects\dbt_proj\.venv\Scripts\python.exe
[0m11:13:44.025576 [info ] [MainThread]: os info: Windows-11-10.0.26100-SP0
[0m11:13:44.138260 [info ] [MainThread]: Using profiles dir at C:\Users\sergi\.dbt
[0m11:13:44.138260 [info ] [MainThread]: Using profiles.yml file at C:\Users\sergi\.dbt\profiles.yml
[0m11:13:44.138260 [info ] [MainThread]: Using dbt_project.yml file at C:\Users\sergi\PycharmProjects\dbt_proj\dbt_project.yml
[0m11:13:44.148400 [info ] [MainThread]: adapter type: postgres
[0m11:13:44.148400 [info ] [MainThread]: adapter version: 1.9.0
[0m11:13:44.148400 [info ] [MainThread]: Configuration:
[0m11:13:44.148400 [info ] [MainThread]:   profiles.yml file [[32mOK found and valid[0m]
[0m11:13:44.148400 [info ] [MainThread]:   dbt_project.yml file [[31mERROR not found[0m]
[0m11:13:44.148400 [info ] [MainThread]: Required dependencies:
[0m11:13:44.148400 [debug] [MainThread]: Executing "git --help"
[0m11:13:44.216875 [debug] [MainThread]: STDOUT: "b"usage: git [-v | --version] [-h | --help] [-C <path>] [-c <name>=<value>]\n           [--exec-path[=<path>]] [--html-path] [--man-path] [--info-path]\n           [-p | --paginate | -P | --no-pager] [--no-replace-objects] [--no-lazy-fetch]\n           [--no-optional-locks] [--no-advice] [--bare] [--git-dir=<path>]\n           [--work-tree=<path>] [--namespace=<name>] [--config-env=<name>=<envvar>]\n           <command> [<args>]\n\nThese are common Git commands used in various situations:\n\nstart a working area (see also: git help tutorial)\n   clone      Clone a repository into a new directory\n   init       Create an empty Git repository or reinitialize an existing one\n\nwork on the current change (see also: git help everyday)\n   add        Add file contents to the index\n   mv         Move or rename a file, a directory, or a symlink\n   restore    Restore working tree files\n   rm         Remove files from the working tree and from the index\n\nexamine the history and state (see also: git help revisions)\n   bisect     Use binary search to find the commit that introduced a bug\n   diff       Show changes between commits, commit and working tree, etc\n   grep       Print lines matching a pattern\n   log        Show commit logs\n   show       Show various types of objects\n   status     Show the working tree status\n\ngrow, mark and tweak your common history\n   backfill   Download missing objects in a partial clone\n   branch     List, create, or delete branches\n   commit     Record changes to the repository\n   merge      Join two or more development histories together\n   rebase     Reapply commits on top of another base tip\n   reset      Reset current HEAD to the specified state\n   switch     Switch branches\n   tag        Create, list, delete or verify a tag object signed with GPG\n\ncollaborate (see also: git help workflows)\n   fetch      Download objects and refs from another repository\n   pull       Fetch from and integrate with another repository or a local branch\n   push       Update remote refs along with associated objects\n\n'git help -a' and 'git help -g' list available subcommands and some\nconcept guides. See 'git help <command>' or 'git help <concept>'\nto read about a specific subcommand or concept.\nSee 'git help git' for an overview of the system.\n""
[0m11:13:44.216875 [debug] [MainThread]: STDERR: "b''"
[0m11:13:44.218290 [info ] [MainThread]:  - git [[32mOK found[0m]

[0m11:13:44.218290 [info ] [MainThread]: Connection:
[0m11:13:44.218290 [info ] [MainThread]:   host: 127.0.0.1
[0m11:13:44.218290 [info ] [MainThread]:   port: 5432
[0m11:13:44.218290 [info ] [MainThread]:   user: dbt_user
[0m11:13:44.221312 [info ] [MainThread]:   database: dbt_hw_13
[0m11:13:44.222337 [info ] [MainThread]:   schema: public
[0m11:13:44.222337 [info ] [MainThread]:   connect_timeout: 10
[0m11:13:44.222337 [info ] [MainThread]:   role: None
[0m11:13:44.222337 [info ] [MainThread]:   search_path: None
[0m11:13:44.222337 [info ] [MainThread]:   keepalives_idle: 0
[0m11:13:44.222337 [info ] [MainThread]:   sslmode: None
[0m11:13:44.222337 [info ] [MainThread]:   sslcert: None
[0m11:13:44.222337 [info ] [MainThread]:   sslkey: None
[0m11:13:44.222337 [info ] [MainThread]:   sslrootcert: None
[0m11:13:44.222337 [info ] [MainThread]:   application_name: dbt
[0m11:13:44.228224 [info ] [MainThread]:   retries: 1
[0m11:13:44.229422 [info ] [MainThread]: Registered adapter: postgres=1.9.0
[0m11:13:44.676421 [debug] [MainThread]: Acquiring new postgres connection 'debug'
[0m11:13:48.083318 [debug] [MainThread]: Using postgres connection "debug"
[0m11:13:48.088888 [debug] [MainThread]: On debug: select 1 as id
[0m11:13:48.089638 [debug] [MainThread]: Opening a new connection, currently in state init
[0m11:13:48.107129 [debug] [MainThread]: SQL status: SELECT 1 in 0.018 seconds
[0m11:13:48.108426 [debug] [MainThread]: On debug: Close
[0m11:13:48.108960 [info ] [MainThread]:   Connection test: [[32mOK connection ok[0m]

[0m11:13:48.109495 [info ] [MainThread]: [31m1 check failed:[0m
[0m11:13:48.110577 [info ] [MainThread]: Project loading failed for the following reason:
 project path <C:\Users\sergi\PycharmProjects\dbt_proj\dbt_project.yml> not found

[0m11:13:48.111662 [debug] [MainThread]: Command `dbt debug` failed at 11:13:48.111662 after 4.29 seconds
[0m11:13:48.112176 [debug] [MainThread]: Connection 'debug' was properly closed.
[0m11:13:48.112715 [debug] [MainThread]: Sending event: {'category': 'dbt', 'action': 'invocation', 'label': 'end', 'context': [<snowplow_tracker.self_describing_json.SelfDescribingJson object at 0x00000171B8370560>, <snowplow_tracker.self_describing_json.SelfDescribingJson object at 0x00000171B8A7A9F0>, <snowplow_tracker.self_describing_json.SelfDescribingJson object at 0x00000171B8B8B140>]}
[0m11:13:48.113239 [debug] [MainThread]: Flushing usage events
